<?xml version="1.0" encoding="UTF-8"?>
<!-- Generated by org.testng.reporters.JUnitReportReporter -->
<testsuite skipped="0" hostname="DES-WIP-073" name="org.highengage.Login" tests="3" failures="0" timestamp="28 Jan 2022 09:34:44 GMT" time="10.885" errors="0">
  <testcase name="login" time="1.084" classname="org.highengage.Login"/>
  <testcase name="about" time="3.219" classname="org.highengage.Login"/>
  <testcase name="organization" time="6.582" classname="org.highengage.Login"/>
</testsuite> <!-- org.highengage.Login -->
